/vortexfs1/scratch/msantos/gp_plankton_model/slurm_scripts
pn027
Tue Sep  6 18:49:12 EDT 2022
WARNING: $PATH does not agree with $PATH_modshare counter. The following directories' usage counters were adjusted to match. Note that this may mean that module unloading may not work correctly.
 /cm/local/apps/environment-modules/4.0.0//bin /vortexfs1/apps/anaconda-5.1/bin
running test job
Python path configuration:
  PYTHONHOME = '/vortexfs1/apps/python-3.10.2'
  PYTHONPATH = '/vortexfs1/apps/python-3.10.2'
  program name = 'python'
  isolated = 0
  environment = 1
  user site = 1
  import site = 1
  sys._base_executable = '/vortexfs1/apps/anaconda3/2021.11/bin/python'
  sys.base_prefix = '/vortexfs1/apps/python-3.10.2'
  sys.base_exec_prefix = '/vortexfs1/apps/python-3.10.2'
  sys.platlibdir = 'lib'
  sys.executable = '/vortexfs1/apps/anaconda3/2021.11/bin/python'
  sys.prefix = '/vortexfs1/apps/python-3.10.2'
  sys.exec_prefix = '/vortexfs1/apps/python-3.10.2'
  sys.path = [
    '/vortexfs1/apps/python-3.10.2',
    '/vortexfs1/apps/python-3.10.2/lib/python39.zip',
    '/vortexfs1/apps/python-3.10.2/lib/python3.9',
    '/vortexfs1/apps/python-3.10.2/lib/python3.9/lib-dynload',
  ]
Fatal Python error: init_fs_encoding: failed to get the Python codec of the filesystem encoding
Python runtime state: core initialized
ModuleNotFoundError: No module named 'encodings'

Current thread 0x00002aaaaaaec880 (most recent call first):
<no Python frame>
Tue Sep  6 18:49:21 EDT 2022
