/vortexfs1/scratch/msantos/gp_plankton_model/slurm_scripts
pn027
Tue Sep  6 18:56:23 EDT 2022
no change     /vortexfs1/apps/anaconda-5.1/condabin/conda
no change     /vortexfs1/apps/anaconda-5.1/bin/conda
no change     /vortexfs1/apps/anaconda-5.1/bin/conda-env
no change     /vortexfs1/apps/anaconda-5.1/bin/activate
no change     /vortexfs1/apps/anaconda-5.1/bin/deactivate
no change     /vortexfs1/apps/anaconda-5.1/etc/profile.d/conda.sh
no change     /vortexfs1/apps/anaconda-5.1/etc/fish/conf.d/conda.fish
no change     /vortexfs1/apps/anaconda-5.1/shell/condabin/Conda.psm1
no change     /vortexfs1/apps/anaconda-5.1/shell/condabin/conda-hook.ps1
no change     /vortexfs1/apps/anaconda-5.1/lib/python3.6/site-packages/xontrib/conda.xsh
no change     /vortexfs1/apps/anaconda-5.1/etc/profile.d/conda.csh
no change     /vortexfs1/home/msantos/.bashrc
No action taken.

CommandNotFoundError: Your shell has not been properly configured to use 'conda activate'.
To initialize your shell, run

    $ conda init <SHELL_NAME>

Currently supported shells are:
  - bash
  - fish
  - tcsh
  - xonsh
  - zsh
  - powershell

See 'conda init --help' for more information and options.

IMPORTANT: You may need to close and restart your shell after running 'conda init'.


running test job
Fatal Python error: Py_Initialize: Unable to get the locale encoding
ModuleNotFoundError: No module named 'encodings'

Current thread 0x00002aaaaaaece80 (most recent call first):
/cm/local/apps/slurm/var/spool/job2793422/slurm_script: line 19: 45899 Aborted                 python ../train/train.py
Tue Sep  6 18:56:27 EDT 2022
