/vortexfs1/scratch/msantos/gp_plankton_model/slurm_scripts
pn027
Tue Sep  6 23:27:35 EDT 2022

CommandNotFoundError: Your shell has not been properly configured to use 'conda activate'.
To initialize your shell, run

    $ conda init <SHELL_NAME>

Currently supported shells are:
  - bash
  - fish
  - tcsh
  - xonsh
  - zsh
  - powershell

See 'conda init --help' for more information and options.

IMPORTANT: You may need to close and restart your shell after running 'conda init'.


running test job
Traceback (most recent call last):
  File "/vortexfs1/scratch/msantos/gp_plankton_model/slurm_scripts/../train/train.py", line 8, in <module>
    from models import spectralGP_model, exactGP_model
ModuleNotFoundError: No module named 'models'
Tue Sep  6 23:28:14 EDT 2022
