/vortexfs1/scratch/msantos/gp_plankton_model/slurm_scripts
pn027
Tue Sep  6 18:52:40 EDT 2022

CommandNotFoundError: Your shell has not been properly configured to use 'conda activate'.
To initialize your shell, run

    $ conda init <SHELL_NAME>

Currently supported shells are:
  - bash
  - fish
  - tcsh
  - xonsh
  - zsh
  - powershell

See 'conda init --help' for more information and options.

IMPORTANT: You may need to close and restart your shell after running 'conda init'.


running test job
Fatal Python error: Py_Initialize: Unable to get the locale encoding
ModuleNotFoundError: No module named 'encodings'

Current thread 0x00002aaaaaaece80 (most recent call first):
/cm/local/apps/slurm/var/spool/job2793421/slurm_script: line 17: 45512 Aborted                 python ../train/train.py
Tue Sep  6 18:52:42 EDT 2022
